<?xml version="1.0" encoding="UTF-8"?>
<testExecutions version="1">
  <file path="/Users/stephenporter/Development/workflow-toggle/src/lib/ActionRunner.spec.ts">
    <testCase name="ActionRunner returns true result when toggle succeeds/fails" duration="1"/>
    <testCase name="ActionRunner returns false result when toggle succeeds/fails" duration="0"/>
    <testCase name="ActionRunner returns true result when toggle succeeds/fails" duration="0"/>
    <testCase name="ActionRunner returns false result when toggle succeeds/fails" duration="0"/>
  </file>
  <file path="/Users/stephenporter/Development/workflow-toggle/src/lib/input.spec.ts">
    <testCase name="parseInputs fails if required input is missing: (disable, forever, )" duration="12"/>
    <testCase name="parseInputs fails if required input is missing: (disable, , encirclement)" duration="1"/>
    <testCase name="parseInputs fails if required input is missing: (, creche, burden)" duration="0"/>
    <testCase name="parseInputs successfully parses inputs: (disable, fratricide, dam, connotation, failure)" duration="1"/>
    <testCase name="parseInputs successfully parses inputs: (enable, escalator, opossum, stew, oregano)" duration="0"/>
  </file>
  <file path="/Users/stephenporter/Development/workflow-toggle/src/lib/WorkflowClient.spec.ts">
    <testCase name="WorkflowClient toggleWorkflow returns false success when workflow doesn&apos;t exist" duration="14"/>
    <testCase name="WorkflowClient toggleWorkflow returns false success when workflow doesn&apos;t exist" duration="7"/>
    <testCase name="WorkflowClient toggleWorkflow returns false success when workflow toggle failed" duration="9"/>
    <testCase name="WorkflowClient toggleWorkflow returns false success when workflow toggle failed" duration="9"/>
    <testCase name="WorkflowClient toggleWorkflow returns true success when workflow toggle succeeds" duration="10"/>
    <testCase name="WorkflowClient toggleWorkflow returns true success when workflow toggle succeeds" duration="10"/>
  </file>
</testExecutions>